{"C:\\Users\\Zeyad\\Documents\\GitHub\\alx-react\\0x02-react_props\\task_1\\dashboard\\src\\App\\App.js": {"path":"C:\\Users\\Zeyad\\Documents\\GitHub\\alx-react\\0x02-react_props\\task_1\\dashboard\\src\\App\\App.js","statementMap":{"0":{"start":{"line":8,"column":12},"end":{"line":16,"column":1}},"1":{"start":{"line":10,"column":1},"end":{"line":15,"column":4}}},"fnMap":{"0":{"name":"(anonymous_0)","decl":{"start":{"line":8,"column":12},"end":{"line":8,"column":13}},"loc":{"start":{"line":10,"column":1},"end":{"line":15,"column":4}},"line":10}},"branchMap":{},"s":{"0":1,"1":1},"f":{"0":1},"b":{},"_coverageSchema":"1a1c01bbd47fc00a2c39e90264f33305004495a9","hash":"8e4e4c7f426d15cf39a0357d56bd34916f086873"}
,"C:\\Users\\Zeyad\\Documents\\GitHub\\alx-react\\0x02-react_props\\task_1\\dashboard\\src\\Footer\\Footer.js": {"path":"C:\\Users\\Zeyad\\Documents\\GitHub\\alx-react\\0x02-react_props\\task_1\\dashboard\\src\\Footer\\Footer.js","statementMap":{"0":{"start":{"line":5,"column":15},"end":{"line":11,"column":1}},"1":{"start":{"line":6,"column":1},"end":{"line":10,"column":10}}},"fnMap":{"0":{"name":"(anonymous_0)","decl":{"start":{"line":5,"column":15},"end":{"line":5,"column":16}},"loc":{"start":{"line":6,"column":1},"end":{"line":10,"column":10}},"line":6}},"branchMap":{},"s":{"0":2,"1":2},"f":{"0":2},"b":{},"_coverageSchema":"1a1c01bbd47fc00a2c39e90264f33305004495a9","hash":"f986c1e49c06caea6670f0a2d8c1e01287d61a97"}
,"C:\\Users\\Zeyad\\Documents\\GitHub\\alx-react\\0x02-react_props\\task_1\\dashboard\\src\\Header\\Header.js": {"path":"C:\\Users\\Zeyad\\Documents\\GitHub\\alx-react\\0x02-react_props\\task_1\\dashboard\\src\\Header\\Header.js","statementMap":{"0":{"start":{"line":5,"column":15},"end":{"line":10,"column":1}},"1":{"start":{"line":6,"column":1},"end":{"line":9,"column":10}}},"fnMap":{"0":{"name":"(anonymous_0)","decl":{"start":{"line":5,"column":15},"end":{"line":5,"column":16}},"loc":{"start":{"line":6,"column":1},"end":{"line":9,"column":10}},"line":6}},"branchMap":{},"s":{"0":2,"1":4},"f":{"0":4},"b":{},"_coverageSchema":"1a1c01bbd47fc00a2c39e90264f33305004495a9","hash":"ced774709ff87c0dd2f503c5334e09b801ec139c"}
,"C:\\Users\\Zeyad\\Documents\\GitHub\\alx-react\\0x02-react_props\\task_1\\dashboard\\src\\Login\\Login.js": {"path":"C:\\Users\\Zeyad\\Documents\\GitHub\\alx-react\\0x02-react_props\\task_1\\dashboard\\src\\Login\\Login.js","statementMap":{"0":{"start":{"line":4,"column":14},"end":{"line":27,"column":1}},"1":{"start":{"line":5,"column":1},"end":{"line":26,"column":4}}},"fnMap":{"0":{"name":"(anonymous_0)","decl":{"start":{"line":4,"column":14},"end":{"line":4,"column":15}},"loc":{"start":{"line":5,"column":1},"end":{"line":26,"column":4}},"line":5}},"branchMap":{},"s":{"0":2,"1":2},"f":{"0":2},"b":{},"_coverageSchema":"1a1c01bbd47fc00a2c39e90264f33305004495a9","hash":"945ceb230a51cc9c80480d7ae4f4092d165faf57"}
,"C:\\Users\\Zeyad\\Documents\\GitHub\\alx-react\\0x02-react_props\\task_1\\dashboard\\src\\Notifications\\Notifications.js": {"path":"C:\\Users\\Zeyad\\Documents\\GitHub\\alx-react\\0x02-react_props\\task_1\\dashboard\\src\\Notifications\\Notifications.js","statementMap":{"0":{"start":{"line":6,"column":22},"end":{"line":35,"column":1}},"1":{"start":{"line":7,"column":1},"end":{"line":34,"column":7}},"2":{"start":{"line":21,"column":19},"end":{"line":21,"column":63}}},"fnMap":{"0":{"name":"(anonymous_0)","decl":{"start":{"line":6,"column":22},"end":{"line":6,"column":23}},"loc":{"start":{"line":7,"column":1},"end":{"line":34,"column":7}},"line":7},"1":{"name":"(anonymous_1)","decl":{"start":{"line":21,"column":13},"end":{"line":21,"column":14}},"loc":{"start":{"line":21,"column":19},"end":{"line":21,"column":63}},"line":21}},"branchMap":{},"s":{"0":2,"1":3,"2":0},"f":{"0":3,"1":0},"b":{},"_coverageSchema":"1a1c01bbd47fc00a2c39e90264f33305004495a9","hash":"d1d39eafc529dfe6657ef7ef6ab5fb30de8a7ac4"}
,"C:\\Users\\Zeyad\\Documents\\GitHub\\alx-react\\0x02-react_props\\task_1\\dashboard\\src\\utils\\utils.js": {"path":"C:\\Users\\Zeyad\\Documents\\GitHub\\alx-react\\0x02-react_props\\task_1\\dashboard\\src\\utils\\utils.js","statementMap":{"0":{"start":{"line":1,"column":27},"end":{"line":1,"column":57}},"1":{"start":{"line":1,"column":33},"end":{"line":1,"column":57}},"2":{"start":{"line":3,"column":29},"end":{"line":4,"column":37}},"3":{"start":{"line":3,"column":41},"end":{"line":4,"column":36}},"4":{"start":{"line":6,"column":37},"end":{"line":7,"column":56}},"5":{"start":{"line":7,"column":1},"end":{"line":7,"column":56}}},"fnMap":{"0":{"name":"(anonymous_0)","decl":{"start":{"line":1,"column":27},"end":{"line":1,"column":28}},"loc":{"start":{"line":1,"column":33},"end":{"line":1,"column":57}},"line":1},"1":{"name":"(anonymous_1)","decl":{"start":{"line":3,"column":29},"end":{"line":3,"column":30}},"loc":{"start":{"line":3,"column":41},"end":{"line":4,"column":36}},"line":3},"2":{"name":"(anonymous_2)","decl":{"start":{"line":6,"column":37},"end":{"line":6,"column":38}},"loc":{"start":{"line":7,"column":1},"end":{"line":7,"column":56}},"line":7}},"branchMap":{"0":{"loc":{"start":{"line":3,"column":41},"end":{"line":4,"column":36}},"type":"cond-expr","locations":[{"start":{"line":3,"column":51},"end":{"line":3,"column":69}},{"start":{"line":4,"column":3},"end":{"line":4,"column":36}}],"line":3}},"s":{"0":4,"1":3,"2":4,"3":4,"4":4,"5":4},"f":{"0":3,"1":4,"2":4},"b":{"0":[3,1]},"_coverageSchema":"1a1c01bbd47fc00a2c39e90264f33305004495a9","hash":"a94be59966397234694350a4a651f7b409fc2f06"}
}
