<?xml version="1.0" encoding="UTF-8"?>
<coverage generated="1717946952498" clover="3.2.0">
  <project timestamp="1717946952498" name="All files">
    <metrics statements="9" coveredstatements="8" conditionals="8" coveredconditionals="8" methods="6" coveredmethods="5" elements="23" coveredelements="21" complexity="0" loc="9" ncloc="9" packages="2" files="3" classes="3"/>
    <package name="Notifications">
      <metrics statements="5" coveredstatements="4" conditionals="6" coveredconditionals="6" methods="3" coveredmethods="2"/>
      <file name="NotificationItem.js" path="C:\Users\Zeyad\Documents\GitHub\alx-react\0x02-react_props\task_2\dashboard\src\Notifications\NotificationItem.js">
        <metrics statements="2" coveredstatements="2" conditionals="6" coveredconditionals="6" methods="1" coveredmethods="1"/>
        <line num="5" count="3" type="stmt"/>
        <line num="6" count="5" type="stmt"/>
      </file>
      <file name="Notifications.js" path="C:\Users\Zeyad\Documents\GitHub\alx-react\0x02-react_props\task_2\dashboard\src\Notifications\Notifications.js">
        <metrics statements="3" coveredstatements="2" conditionals="0" coveredconditionals="0" methods="2" coveredmethods="1"/>
        <line num="7" count="2" type="stmt"/>
        <line num="8" count="3" type="stmt"/>
        <line num="22" count="0" type="stmt"/>
      </file>
    </package>
    <package name="utils">
      <metrics statements="4" coveredstatements="4" conditionals="2" coveredconditionals="2" methods="3" coveredmethods="3"/>
      <file name="utils.js" path="C:\Users\Zeyad\Documents\GitHub\alx-react\0x02-react_props\task_2\dashboard\src\utils\utils.js">
        <metrics statements="4" coveredstatements="4" conditionals="2" coveredconditionals="2" methods="3" coveredmethods="3"/>
        <line num="1" count="4" type="stmt"/>
        <line num="3" count="5" type="cond" truecount="2" falsecount="0"/>
        <line num="6" count="4" type="stmt"/>
        <line num="7" count="4" type="stmt"/>
      </file>
    </package>
  </project>
</coverage>
