{"C:\\Users\\Zeyad\\Documents\\GitHub\\alx-react\\0x02-react_props\\task_2\\dashboard\\src\\Notifications\\NotificationItem.js": {"path":"C:\\Users\\Zeyad\\Documents\\GitHub\\alx-react\\0x02-react_props\\task_2\\dashboard\\src\\Notifications\\NotificationItem.js","statementMap":{"0":{"start":{"line":5,"column":25},"end":{"line":14,"column":1}},"1":{"start":{"line":6,"column":4},"end":{"line":12,"column":5}}},"fnMap":{"0":{"name":"(anonymous_0)","decl":{"start":{"line":5,"column":25},"end":{"line":5,"column":26}},"loc":{"start":{"line":5,"column":50},"end":{"line":14,"column":1}},"line":5}},"branchMap":{"0":{"loc":{"start":{"line":8,"column":9},"end":{"line":8,"column":92}},"type":"cond-expr","locations":[{"start":{"line":8,"column":25},"end":{"line":8,"column":85}},{"start":{"line":8,"column":88},"end":{"line":8,"column":92}}],"line":8},"1":{"loc":{"start":{"line":8,"column":9},"end":{"line":8,"column":22}},"type":"binary-expr","locations":[{"start":{"line":8,"column":9},"end":{"line":8,"column":13}},{"start":{"line":8,"column":17},"end":{"line":8,"column":22}}],"line":8},"2":{"loc":{"start":{"line":9,"column":9},"end":{"line":9,"column":73}},"type":"cond-expr","locations":[{"start":{"line":9,"column":16},"end":{"line":9,"column":66}},{"start":{"line":9,"column":69},"end":{"line":9,"column":73}}],"line":9}},"s":{"0":3,"1":5},"f":{"0":5},"b":{"0":[1,4],"1":[5,1],"2":[1,4]},"_coverageSchema":"1a1c01bbd47fc00a2c39e90264f33305004495a9","hash":"f3e4a0799154247355abbf1e71b4986547d09059"}
,"C:\\Users\\Zeyad\\Documents\\GitHub\\alx-react\\0x02-react_props\\task_2\\dashboard\\src\\Notifications\\Notifications.js": {"path":"C:\\Users\\Zeyad\\Documents\\GitHub\\alx-react\\0x02-react_props\\task_2\\dashboard\\src\\Notifications\\Notifications.js","statementMap":{"0":{"start":{"line":7,"column":22},"end":{"line":33,"column":1}},"1":{"start":{"line":8,"column":2},"end":{"line":32,"column":8}},"2":{"start":{"line":22,"column":23},"end":{"line":22,"column":67}}},"fnMap":{"0":{"name":"(anonymous_0)","decl":{"start":{"line":7,"column":22},"end":{"line":7,"column":23}},"loc":{"start":{"line":8,"column":2},"end":{"line":32,"column":8}},"line":8},"1":{"name":"(anonymous_1)","decl":{"start":{"line":22,"column":17},"end":{"line":22,"column":18}},"loc":{"start":{"line":22,"column":23},"end":{"line":22,"column":67}},"line":22}},"branchMap":{},"s":{"0":2,"1":3,"2":0},"f":{"0":3,"1":0},"b":{},"_coverageSchema":"1a1c01bbd47fc00a2c39e90264f33305004495a9","hash":"be67ec4e11ca95dbaff5447c2295d8a611f4a801"}
,"C:\\Users\\Zeyad\\Documents\\GitHub\\alx-react\\0x02-react_props\\task_2\\dashboard\\src\\utils\\utils.js": {"path":"C:\\Users\\Zeyad\\Documents\\GitHub\\alx-react\\0x02-react_props\\task_2\\dashboard\\src\\utils\\utils.js","statementMap":{"0":{"start":{"line":1,"column":27},"end":{"line":1,"column":57}},"1":{"start":{"line":1,"column":33},"end":{"line":1,"column":57}},"2":{"start":{"line":3,"column":29},"end":{"line":4,"column":37}},"3":{"start":{"line":3,"column":41},"end":{"line":4,"column":36}},"4":{"start":{"line":6,"column":37},"end":{"line":7,"column":56}},"5":{"start":{"line":7,"column":1},"end":{"line":7,"column":56}}},"fnMap":{"0":{"name":"(anonymous_0)","decl":{"start":{"line":1,"column":27},"end":{"line":1,"column":28}},"loc":{"start":{"line":1,"column":33},"end":{"line":1,"column":57}},"line":1},"1":{"name":"(anonymous_1)","decl":{"start":{"line":3,"column":29},"end":{"line":3,"column":30}},"loc":{"start":{"line":3,"column":41},"end":{"line":4,"column":36}},"line":3},"2":{"name":"(anonymous_2)","decl":{"start":{"line":6,"column":37},"end":{"line":6,"column":38}},"loc":{"start":{"line":7,"column":1},"end":{"line":7,"column":56}},"line":7}},"branchMap":{"0":{"loc":{"start":{"line":3,"column":41},"end":{"line":4,"column":36}},"type":"cond-expr","locations":[{"start":{"line":3,"column":51},"end":{"line":3,"column":69}},{"start":{"line":4,"column":3},"end":{"line":4,"column":36}}],"line":3}},"s":{"0":4,"1":4,"2":4,"3":5,"4":4,"5":4},"f":{"0":4,"1":5,"2":4},"b":{"0":[4,1]},"_coverageSchema":"1a1c01bbd47fc00a2c39e90264f33305004495a9","hash":"f2dc7309dffdd4bd0837349b15a6299b9840e2ca"}
}
