TN:
SF:src\Notifications\NotificationItem.js
FN:5,(anonymous_0)
FNF:1
FNH:1
FNDA:5,(anonymous_0)
DA:5,3
DA:6,5
LF:2
LH:2
BRDA:8,0,0,1
BRDA:8,0,1,4
BRDA:8,1,0,5
BRDA:8,1,1,1
BRDA:9,2,0,1
BRDA:9,2,1,4
BRF:6
BRH:6
end_of_record
TN:
SF:src\Notifications\Notifications.js
FN:7,(anonymous_0)
FN:22,(anonymous_1)
FNF:2
FNH:1
FNDA:3,(anonymous_0)
FNDA:0,(anonymous_1)
DA:7,2
DA:8,3
DA:22,0
LF:3
LH:2
BRF:0
BRH:0
end_of_record
TN:
SF:src\utils\utils.js
FN:1,(anonymous_0)
FN:3,(anonymous_1)
FN:6,(anonymous_2)
FNF:3
FNH:3
FNDA:4,(anonymous_0)
FNDA:5,(anonymous_1)
FNDA:4,(anonymous_2)
DA:1,4
DA:3,5
DA:6,4
DA:7,4
LF:4
LH:4
BRDA:3,0,0,4
BRDA:3,0,1,1
BRF:2
BRH:2
end_of_record
