<?xml version="1.0" encoding="UTF-8"?>
<coverage generated="1713140068271" clover="3.2.0">
  <project timestamp="1713140068271" name="All files">
    <metrics statements="3" coveredstatements="2" conditionals="0" coveredconditionals="0" methods="2" coveredmethods="1" elements="5" coveredelements="3" complexity="0" loc="3" ncloc="3" packages="1" files="1" classes="1"/>
    <file name="Notifications.js" path="C:\Users\Zeyad\Documents\GitHub\alx-react\0x01-react_intro\task_z\dashboard\src\Notifications.js">
      <metrics statements="3" coveredstatements="2" conditionals="0" coveredconditionals="0" methods="2" coveredmethods="1"/>
      <line num="6" count="1" type="stmt"/>
      <line num="7" count="1" type="stmt"/>
      <line num="22" count="0" type="stmt"/>
    </file>
  </project>
</coverage>
