{"C:\\Users\\Zeyad\\Documents\\GitHub\\alx-react\\0x01-react_intro\\task_z\\dashboard\\src\\Notifications.js": {"path":"C:\\Users\\Zeyad\\Documents\\GitHub\\alx-react\\0x01-react_intro\\task_z\\dashboard\\src\\Notifications.js","statementMap":{"0":{"start":{"line":6,"column":22},"end":{"line":34,"column":1}},"1":{"start":{"line":7,"column":2},"end":{"line":33,"column":4}},"2":{"start":{"line":22,"column":25},"end":{"line":22,"column":69}}},"fnMap":{"0":{"name":"(anonymous_0)","decl":{"start":{"line":6,"column":22},"end":{"line":6,"column":23}},"loc":{"start":{"line":6,"column":28},"end":{"line":34,"column":1}},"line":6},"1":{"name":"(anonymous_1)","decl":{"start":{"line":22,"column":19},"end":{"line":22,"column":20}},"loc":{"start":{"line":22,"column":25},"end":{"line":22,"column":69}},"line":22}},"branchMap":{},"s":{"0":1,"1":1,"2":0},"f":{"0":1,"1":0},"b":{},"_coverageSchema":"1a1c01bbd47fc00a2c39e90264f33305004495a9","hash":"218d9754730977f0429ba576f943ccc3d3879a0b"}
}
